This is pdfTeX, Version 3.14159265-2.6-1.40.18 (MiKTeX 2.9.6500 64-bit) (preloaded format=pdflatex 2017.12.24)  25 NOV 2019 09:08
entering extended mode
**./cas-sc-template.tex
(cas-sc-template.tex
LaTeX2e <2017-04-15>
Babel <3.15> and hyphenation patterns for 75 language(s) loaded.
(cas-sc.cls
Document Class: cas-sc 2018/09/22, 1.0: Formatting class for CAS single column 
articles
\c@blind=\count79
\@bls=\dimen102
("C:\Program Files\MiKTeX 2.9\tex\latex\base\article.cls"
Document Class: article 2014/09/29 v1.4h Standard LaTeX document class
("C:\Program Files\MiKTeX 2.9\tex\latex\base\fleqn.clo"
File: fleqn.clo 2016/12/29 v1.2a Standard LaTeX option (flush left equations)
\mathindent=\dimen103
Applying: [2015/01/01] Make \[ robust on input line 50.
LaTeX Info: Redefining \[ on input line 51.
Already applied: [0000/00/00] Make \[ robust on input line 62.
Applying: [2015/01/01] Make \] robust on input line 74.
LaTeX Info: Redefining \] on input line 75.
Already applied: [0000/00/00] Make \] robust on input line 83.
)
("C:\Program Files\MiKTeX 2.9\tex\latex\base\size10.clo"
File: size10.clo 2014/09/29 v1.4h Standard LaTeX file (size option)
)
\c@part=\count80
\c@section=\count81
\c@subsection=\count82
\c@subsubsection=\count83
\c@paragraph=\count84
\c@subparagraph=\count85
\c@figure=\count86
\c@table=\count87
\abovecaptionskip=\skip41
\belowcaptionskip=\skip42
\bibindent=\dimen104
)
("C:\Program Files\MiKTeX 2.9\tex\latex\graphics\graphicx.sty"
Package: graphicx 2017/06/01 v1.1a Enhanced LaTeX Graphics (DPC,SPQR)

("C:\Program Files\MiKTeX 2.9\tex\latex\graphics\keyval.sty"
Package: keyval 2014/10/28 v1.15 key=value parser (DPC)
\KV@toks@=\toks14
)
("C:\Program Files\MiKTeX 2.9\tex\latex\graphics\graphics.sty"
Package: graphics 2017/06/25 v1.2c Standard LaTeX Graphics (DPC,SPQR)

("C:\Program Files\MiKTeX 2.9\tex\latex\graphics\trig.sty"
Package: trig 2016/01/03 v1.10 sin cos tan (DPC)
)
("C:\Program Files\MiKTeX 2.9\tex\latex\graphics-cfg\graphics.cfg"
File: graphics.cfg 2016/06/04 v1.11 sample graphics configuration
)
Package graphics Info: Driver file: pdftex.def on input line 99.

("C:\Program Files\MiKTeX 2.9\tex\latex\graphics-def\pdftex.def"
File: pdftex.def 2017/06/24 v1.0g Graphics/color driver for pdftex
))
\Gin@req@height=\dimen105
\Gin@req@width=\dimen106
)
("C:\Program Files\MiKTeX 2.9\tex\latex\amsmath\amsmath.sty"
Package: amsmath 2017/09/02 v2.17a AMS math features
\@mathmargin=\skip43

For additional information on amsmath, use the `?' option.
("C:\Program Files\MiKTeX 2.9\tex\latex\amsmath\amstext.sty"
Package: amstext 2000/06/29 v2.01 AMS text

("C:\Program Files\MiKTeX 2.9\tex\latex\amsmath\amsgen.sty"
File: amsgen.sty 1999/11/30 v2.0 generic functions
\@emptytoks=\toks15
\ex@=\dimen107
))
("C:\Program Files\MiKTeX 2.9\tex\latex\amsmath\amsbsy.sty"
Package: amsbsy 1999/11/29 v1.2d Bold Symbols
\pmbraise@=\dimen108
)
("C:\Program Files\MiKTeX 2.9\tex\latex\amsmath\amsopn.sty"
Package: amsopn 2016/03/08 v2.02 operator names
)
\inf@bad=\count88
LaTeX Info: Redefining \frac on input line 213.
\uproot@=\count89
\leftroot@=\count90
LaTeX Info: Redefining \overline on input line 375.
\classnum@=\count91
\DOTSCASE@=\count92
LaTeX Info: Redefining \ldots on input line 472.
LaTeX Info: Redefining \dots on input line 475.
LaTeX Info: Redefining \cdots on input line 596.
\Mathstrutbox@=\box26
\strutbox@=\box27
\big@size=\dimen109
LaTeX Font Info:    Redeclaring font encoding OML on input line 712.
LaTeX Font Info:    Redeclaring font encoding OMS on input line 713.
\macc@depth=\count93
\c@MaxMatrixCols=\count94
\dotsspace@=\muskip10
\c@parentequation=\count95
\dspbrk@lvl=\count96
\tag@help=\toks16
\row@=\count97
\column@=\count98
\maxfields@=\count99
\andhelp@=\toks17
\eqnshift@=\dimen110
\alignsep@=\dimen111
\tagshift@=\dimen112
\tagwidth@=\dimen113
\totwidth@=\dimen114
\lineht@=\dimen115
\@envbody=\toks18
\multlinegap=\skip44
\multlinetaggap=\skip45
\mathdisplay@stack=\toks19
LaTeX Info: Redefining \[ on input line 2817.
LaTeX Info: Redefining \] on input line 2818.
)
("C:\Program Files\MiKTeX 2.9\tex\latex\amsfonts\amsfonts.sty"
Package: amsfonts 2013/01/14 v3.01 Basic AMSFonts support
\symAMSa=\mathgroup4
\symAMSb=\mathgroup5
LaTeX Font Info:    Overwriting math alphabet `\mathfrak' in version `bold'
(Font)                  U/euf/m/n --> U/euf/b/n on input line 106.
)
("C:\Program Files\MiKTeX 2.9\tex\latex\amsfonts\amssymb.sty"
Package: amssymb 2013/01/14 v3.01 AMS font symbols
)
("C:\Program Files\MiKTeX 2.9\tex\latex\l3kernel\expl3.sty"
Package: expl3 2018-05-13 L3 programming layer (loader) 

("C:\Program Files\MiKTeX 2.9\tex\latex\l3kernel\expl3-code.tex"
Package: expl3 2018-05-13 L3 programming layer (code)
\c_max_int=\count100
\l_tmpa_int=\count101
\l_tmpb_int=\count102
\g_tmpa_int=\count103
\g_tmpb_int=\count104
\g__kernel_prg_map_int=\count105
\c_log_iow=\count106
\l_iow_line_count_int=\count107
\l__iow_line_target_int=\count108
\l__iow_one_indent_int=\count109
\l__iow_indent_int=\count110
\c_zero_dim=\dimen116
\c_max_dim=\dimen117
\l_tmpa_dim=\dimen118
\l_tmpb_dim=\dimen119
\g_tmpa_dim=\dimen120
\g_tmpb_dim=\dimen121
\c_zero_skip=\skip46
\c_max_skip=\skip47
\l_tmpa_skip=\skip48
\l_tmpb_skip=\skip49
\g_tmpa_skip=\skip50
\g_tmpb_skip=\skip51
\c_zero_muskip=\muskip11
\c_max_muskip=\muskip12
\l_tmpa_muskip=\muskip13
\l_tmpb_muskip=\muskip14
\g_tmpa_muskip=\muskip15
\g_tmpb_muskip=\muskip16
\l_keys_choice_int=\count111
\l__intarray_loop_int=\count112
\c__intarray_sp_dim=\dimen122
\g__intarray_font_int=\count113
\c__fp_leading_shift_int=\count114
\c__fp_middle_shift_int=\count115
\c__fp_trailing_shift_int=\count116
\c__fp_big_leading_shift_int=\count117
\c__fp_big_middle_shift_int=\count118
\c__fp_big_trailing_shift_int=\count119
\c__fp_Bigg_leading_shift_int=\count120
\c__fp_Bigg_middle_shift_int=\count121
\c__fp_Bigg_trailing_shift_int=\count122
\c__kernel_randint_max_int=\count123
\g__fp_array_int=\count124
\l__fp_array_loop_int=\count125
\l__sort_length_int=\count126
\l__sort_min_int=\count127
\l__sort_top_int=\count128
\l__sort_max_int=\count129
\l__sort_true_max_int=\count130
\l__sort_block_int=\count131
\l__sort_begin_int=\count132
\l__sort_end_int=\count133
\l__sort_A_int=\count134
\l__sort_B_int=\count135
\l__sort_C_int=\count136
\l__tl_analysis_normal_int=\count137
\l__tl_analysis_index_int=\count138
\l__tl_analysis_nesting_int=\count139
\l__tl_analysis_type_int=\count140
\l__regex_internal_a_int=\count141
\l__regex_internal_b_int=\count142
\l__regex_internal_c_int=\count143
\l__regex_balance_int=\count144
\l__regex_group_level_int=\count145
\l__regex_mode_int=\count146
\c__regex_cs_in_class_mode_int=\count147
\c__regex_cs_mode_int=\count148
\l__regex_catcodes_int=\count149
\l__regex_default_catcodes_int=\count150
\c__regex_catcode_D_int=\count151
\c__regex_catcode_S_int=\count152
\c__regex_catcode_L_int=\count153
\c__regex_catcode_O_int=\count154
\c__regex_catcode_A_int=\count155
\c__regex_all_catcodes_int=\count156
\l__regex_show_lines_int=\count157
\l__regex_min_state_int=\count158
\l__regex_max_state_int=\count159
\l__regex_left_state_int=\count160
\l__regex_right_state_int=\count161
\l__regex_capturing_group_int=\count162
\l__regex_min_pos_int=\count163
\l__regex_max_pos_int=\count164
\l__regex_curr_pos_int=\count165
\l__regex_start_pos_int=\count166
\l__regex_success_pos_int=\count167
\l__regex_curr_char_int=\count168
\l__regex_curr_catcode_int=\count169
\l__regex_last_char_int=\count170
\l__regex_case_changed_char_int=\count171
\l__regex_curr_state_int=\count172
\l__regex_step_int=\count173
\l__regex_min_active_int=\count174
\l__regex_max_active_int=\count175
\l__regex_replacement_csnames_int=\count176
\l__regex_match_count_int=\count177
\l__regex_min_submatch_int=\count178
\l__regex_submatch_int=\count179
\l__regex_zeroth_submatch_int=\count180
\g__regex_trace_regex_int=\count181
\c_empty_box=\box28
\l_tmpa_box=\box29
\l_tmpb_box=\box30
\g_tmpa_box=\box31
\g_tmpb_box=\box32
\l__box_top_dim=\dimen123
\l__box_bottom_dim=\dimen124
\l__box_left_dim=\dimen125
\l__box_right_dim=\dimen126
\l__box_top_new_dim=\dimen127
\l__box_bottom_new_dim=\dimen128
\l__box_left_new_dim=\dimen129
\l__box_right_new_dim=\dimen130
\l__box_internal_box=\box33
\l__coffin_internal_box=\box34
\l__coffin_internal_dim=\dimen131
\l__coffin_offset_x_dim=\dimen132
\l__coffin_offset_y_dim=\dimen133
\l__coffin_x_dim=\dimen134
\l__coffin_y_dim=\dimen135
\l__coffin_x_prime_dim=\dimen136
\l__coffin_y_prime_dim=\dimen137
\c_empty_coffin=\box35
\l__coffin_aligned_coffin=\box36
\l__coffin_aligned_internal_coffin=\box37
\l_tmpa_coffin=\box38
\l_tmpb_coffin=\box39
\l__coffin_display_coffin=\box40
\l__coffin_display_coord_coffin=\box41
\l__coffin_display_pole_coffin=\box42
\l__coffin_display_offset_dim=\dimen138
\l__coffin_display_x_dim=\dimen139
\l__coffin_display_y_dim=\dimen140
\g__file_internal_ior=\read1
\l__coffin_bounding_shift_dim=\dimen141
\l__coffin_left_corner_dim=\dimen142
\l__coffin_right_corner_dim=\dimen143
\l__coffin_bottom_corner_dim=\dimen144
\l__coffin_top_corner_dim=\dimen145
\l__coffin_scaled_total_height_dim=\dimen146
\l__coffin_scaled_width_dim=\dimen147
\l__seq_internal_a_int=\count182
\l__seq_internal_b_int=\count183
)
("C:\Program Files\MiKTeX 2.9\tex\latex\l3kernel\l3pdfmode.def"
File: l3pdfmode.def 2018-05-13 v L3 Experimental driver: PDF mode
\l__driver_color_stack_int=\count184
))
("C:\Program Files\MiKTeX 2.9\tex\latex\l3packages\xparse\xparse.sty"
Package: xparse 2018-05-12 L3 Experimental document command parser
\l__xparse_current_arg_int=\count185
\g__xparse_grabber_int=\count186
\l__xparse_m_args_int=\count187
\l__xparse_mandatory_args_int=\count188
\l__xparse_v_nesting_int=\count189
)
("C:\Program Files\MiKTeX 2.9\tex\latex\etoolbox\etoolbox.sty"
Package: etoolbox 2018/02/11 v2.5e e-TeX tools for LaTeX (JAW)
\etb@tempcnta=\count190
)
("C:\Program Files\MiKTeX 2.9\tex\latex\booktabs\booktabs.sty"
Package: booktabs 2005/04/14 v1.61803 publication quality tables
\heavyrulewidth=\dimen148
\lightrulewidth=\dimen149
\cmidrulewidth=\dimen150
\belowrulesep=\dimen151
\belowbottomsep=\dimen152
\aboverulesep=\dimen153
\abovetopsep=\dimen154
\cmidrulesep=\dimen155
\cmidrulekern=\dimen156
\defaultaddspace=\dimen157
\@cmidla=\count191
\@cmidlb=\count192
\@aboverulesep=\dimen158
\@belowrulesep=\dimen159
\@thisruleclass=\count193
\@lastruleclass=\count194
\@thisrulewidth=\dimen160
)
("C:\Program Files\MiKTeX 2.9\tex\latex\makecell\makecell.sty"
Package: makecell 2009/08/03 V0.1e Managing of Tab Column Heads and Cells

("C:\Program Files\MiKTeX 2.9\tex\latex\tools\array.sty"
Package: array 2016/10/06 v2.4d Tabular extension package (FMi)
\col@sep=\dimen161
\extrarowheight=\dimen162
\NC@list=\toks20
\extratabsurround=\skip52
\backup@length=\skip53
)
\rotheadsize=\dimen163
\c@nlinenum=\count195
\TeXr@lab=\toks21
)
("C:\Program Files\MiKTeX 2.9\tex\latex\multirow\multirow.sty"
Package: multirow 2016/11/25 v2.2 Span multiple rows of a table
\multirow@colwidth=\skip54
\multirow@cntb=\count196
\multirow@dima=\skip55
\bigstrutjot=\dimen164
)
("C:\Program Files\MiKTeX 2.9\tex\latex\colortbl\colortbl.sty"
Package: colortbl 2018/12/12 v1.0d Color table columns (DPC)

("C:\Program Files\MiKTeX 2.9\tex\latex\graphics\color.sty"
Package: color 2016/07/10 v1.1e Standard LaTeX Color (DPC)

("C:\Program Files\MiKTeX 2.9\tex\latex\graphics-cfg\color.cfg"
File: color.cfg 2016/01/02 v1.6 sample color configuration
)
Package color Info: Driver file: pdftex.def on input line 147.
)
\everycr=\toks22
\minrowclearance=\skip56
)
("C:\Program Files\MiKTeX 2.9\tex\latex\tools\dcolumn.sty"
Package: dcolumn 2014/10/28 v1.06 decimal alignment package (DPC)
)
("C:\Program Files\MiKTeX 2.9\tex\latex\sttools\stfloats.sty"
Package: stfloats 2017/03/27 v3.3 Improve float mechanism and baselineskip sett
ings
\@dblbotnum=\count197
\c@dblbotnumber=\count198
)
("C:\Program Files\MiKTeX 2.9\tex\latex\tools\xspace.sty"
Package: xspace 2014/10/28 v1.13 Space after command names (DPC,MH)
)
("C:\Program Files\MiKTeX 2.9\tex\latex\xstring\xstring.sty"
("C:\Program Files\MiKTeX 2.9\tex\generic\xstring\xstring.tex"
\@xs@message=\write3
\integerpart=\count199
\decimalpart=\count266
)
Package: xstring 2013/10/13  v1.7c  String manipulations (C Tellechea)
)
("C:\Program Files\MiKTeX 2.9\tex\latex\footmisc\footmisc.sty"
Package: footmisc 2011/06/06 v5.5b a miscellany of footnote facilities
\FN@temptoken=\toks23
\footnotemargin=\dimen165
\c@pp@next@reset=\count267
Package footmisc Info: Declaring symbol style bringhurst on input line 855.
Package footmisc Info: Declaring symbol style chicago on input line 863.
Package footmisc Info: Declaring symbol style wiley on input line 872.
Package footmisc Info: Declaring symbol style lamport-robust on input line 883.

Package footmisc Info: Declaring symbol style lamport* on input line 903.
Package footmisc Info: Declaring symbol style lamport*-robust on input line 924
.
)
("C:\Program Files\MiKTeX 2.9\tex\latex\xcolor\xcolor.sty"
Package: xcolor 2016/05/11 v2.12 LaTeX color extensions (UK)

("C:\Program Files\MiKTeX 2.9\tex\latex\graphics-cfg\color.cfg"
File: color.cfg 2016/01/02 v1.6 sample color configuration
)
Package xcolor Info: Driver file: pdftex.def on input line 225.
LaTeX Info: Redefining \color on input line 709.
Package xcolor Info: Model `cmy' substituted by `cmy0' on input line 1348.
Package xcolor Info: Model `hsb' substituted by `rgb' on input line 1352.
Package xcolor Info: Model `RGB' extended on input line 1364.
Package xcolor Info: Model `HTML' substituted by `rgb' on input line 1366.
Package xcolor Info: Model `Hsb' substituted by `hsb' on input line 1367.
Package xcolor Info: Model `tHsb' substituted by `hsb' on input line 1368.
Package xcolor Info: Model `HSB' substituted by `hsb' on input line 1369.
Package xcolor Info: Model `Gray' substituted by `gray' on input line 1370.
Package xcolor Info: Model `wave' substituted by `hsb' on input line 1371.

("C:\Program Files\MiKTeX 2.9\tex\latex\graphics\dvipsnam.def"
File: dvipsnam.def 2016/06/17 v3.0m Driver-dependent file (DPC,SPQR)
)
("C:\Program Files\MiKTeX 2.9\tex\latex\xcolor\svgnam.def"
File: svgnam.def 2016/05/11 v2.12 Predefined colors according to SVG 1.1 (UK)
))
("C:\Program Files\MiKTeX 2.9\tex\latex\hyperref\hyperref.sty"
Package: hyperref 2017/03/14 v6.85a Hypertext links for LaTeX

("C:\Program Files\MiKTeX 2.9\tex\generic\oberdiek\hobsub-hyperref.sty"
Package: hobsub-hyperref 2016/05/16 v1.14 Bundle oberdiek, subset hyperref (HO)


("C:\Program Files\MiKTeX 2.9\tex\generic\oberdiek\hobsub-generic.sty"
Package: hobsub-generic 2016/05/16 v1.14 Bundle oberdiek, subset generic (HO)
Package: hobsub 2016/05/16 v1.14 Construct package bundles (HO)
Package: infwarerr 2016/05/16 v1.4 Providing info/warning/error messages (HO)
Package: ltxcmds 2016/05/16 v1.23 LaTeX kernel commands for general use (HO)
Package: ifluatex 2016/05/16 v1.4 Provides the ifluatex switch (HO)
Package ifluatex Info: LuaTeX not detected.
Package: ifvtex 2016/05/16 v1.6 Detect VTeX and its facilities (HO)
Package ifvtex Info: VTeX not detected.
Package: intcalc 2016/05/16 v1.2 Expandable calculations with integers (HO)
Package: ifpdf 2017/03/15 v3.2 Provides the ifpdf switch
Package: etexcmds 2016/05/16 v1.6 Avoid name clashes with e-TeX commands (HO)
Package etexcmds Info: Could not find \expanded.
(etexcmds)             That can mean that you are not using pdfTeX 1.50 or
(etexcmds)             that some package has redefined \expanded.
(etexcmds)             In the latter case, load this package earlier.
Package: kvsetkeys 2016/05/16 v1.17 Key value parser (HO)
Package: kvdefinekeys 2016/05/16 v1.4 Define keys (HO)
Package: pdftexcmds 2017/03/19 v0.25 Utility functions of pdfTeX for LuaTeX (HO
)
Package pdftexcmds Info: LuaTeX not detected.
Package pdftexcmds Info: \pdf@primitive is available.
Package pdftexcmds Info: \pdf@ifprimitive is available.
Package pdftexcmds Info: \pdfdraftmode found.
Package: pdfescape 2016/05/16 v1.14 Implements pdfTeX's escape features (HO)
Package: bigintcalc 2016/05/16 v1.4 Expandable calculations on big integers (HO
)
Package: bitset 2016/05/16 v1.2 Handle bit-vector datatype (HO)
Package: uniquecounter 2016/05/16 v1.3 Provide unlimited unique counter (HO)
)
Package hobsub Info: Skipping package `hobsub' (already loaded).
Package: letltxmacro 2016/05/16 v1.5 Let assignment for LaTeX macros (HO)
Package: hopatch 2016/05/16 v1.3 Wrapper for package hooks (HO)
Package: xcolor-patch 2016/05/16 xcolor patch
Package: atveryend 2016/05/16 v1.9 Hooks at the very end of document (HO)
Package: atbegshi 2016/06/09 v1.18 At begin shipout hook (HO)
Package: refcount 2016/05/16 v3.5 Data extraction from label references (HO)
Package: hycolor 2016/05/16 v1.8 Color options for hyperref/bookmark (HO)
)
("C:\Program Files\MiKTeX 2.9\tex\generic\ifxetex\ifxetex.sty"
Package: ifxetex 2010/09/12 v0.6 Provides ifxetex conditional
)
("C:\Program Files\MiKTeX 2.9\tex\latex\oberdiek\auxhook.sty"
Package: auxhook 2016/05/16 v1.4 Hooks for auxiliary files (HO)
)
("C:\Program Files\MiKTeX 2.9\tex\latex\oberdiek\kvoptions.sty"
Package: kvoptions 2016/05/16 v3.12 Key value format for package options (HO)
)
\@linkdim=\dimen166
\Hy@linkcounter=\count268
\Hy@pagecounter=\count269

("C:\Program Files\MiKTeX 2.9\tex\latex\hyperref\pd1enc.def"
File: pd1enc.def 2017/03/14 v6.85a Hyperref: PDFDocEncoding definition (HO)
)
\Hy@SavedSpaceFactor=\count270

("C:\Program Files\MiKTeX 2.9\tex\latex\00miktex\hyperref.cfg"
File: hyperref.cfg 2002/06/06 v1.2 hyperref configuration of TeXLive
)
Package hyperref Info: Option `colorlinks' set `true' on input line 4374.
Package hyperref Info: Hyper figures OFF on input line 4498.
Package hyperref Info: Link nesting OFF on input line 4503.
Package hyperref Info: Hyper index ON on input line 4506.
Package hyperref Info: Plain pages OFF on input line 4513.
Package hyperref Info: Backreferencing OFF on input line 4518.
Package hyperref Info: Implicit mode ON; LaTeX internals redefined.
Package hyperref Info: Bookmarks ON on input line 4751.
\c@Hy@tempcnt=\count271

("C:\Program Files\MiKTeX 2.9\tex\latex\url\url.sty"
\Urlmuskip=\muskip17
Package: url 2013/09/16  ver 3.4  Verb mode for urls, etc.
)
LaTeX Info: Redefining \url on input line 5104.
\XeTeXLinkMargin=\dimen167
\Fld@menulength=\count272
\Field@Width=\dimen168
\Fld@charsize=\dimen169
Package hyperref Info: Hyper figures OFF on input line 6358.
Package hyperref Info: Link nesting OFF on input line 6363.
Package hyperref Info: Hyper index ON on input line 6366.
Package hyperref Info: backreferencing OFF on input line 6373.
Package hyperref Info: Link coloring ON on input line 6376.
Package hyperref Info: Link coloring with OCG OFF on input line 6383.
Package hyperref Info: PDF/A mode OFF on input line 6388.
LaTeX Info: Redefining \ref on input line 6428.
LaTeX Info: Redefining \pageref on input line 6432.
\Hy@abspage=\count273
\c@Item=\count274
\c@Hfootnote=\count275
)

Package hyperref Message: Driver (autodetected): hpdftex.

("C:\Program Files\MiKTeX 2.9\tex\latex\hyperref\hpdftex.def"
File: hpdftex.def 2017/03/14 v6.85a Hyperref driver for pdfTeX
\Fld@listcount=\count276
\c@bookmark@seq@number=\count277

("C:\Program Files\MiKTeX 2.9\tex\latex\oberdiek\rerunfilecheck.sty"
Package: rerunfilecheck 2016/05/16 v1.8 Rerun checks for auxiliary files (HO)
Package uniquecounter Info: New unique counter `rerunfilecheck' on input line 2
82.
)
\Hy@SectionHShift=\skip57
)
(cas-common.sty
\l_stm_title_before_dim=\dimen170
\l_stm_title_after_dim=\dimen171
.................................................
. LaTeX info: "xparse/define-command"
. 
. Defining command \processTmarks with sig. '' on line 129.
.................................................
.................................................
. LaTeX info: "xparse/redefine-command"
. 
. Redefining command \title with sig. 'O{}m' on line 153.
.................................................
.................................................
. LaTeX info: "xparse/define-command"
. 
. Defining command \wrAun with sig. 'm' on line 160.
.................................................
.................................................
. LaTeX info: "xparse/define-command"
. 
. Defining command \wrAux with sig. 'm' on line 162.
.................................................
.................................................
. LaTeX info: "xparse/define-command"
. 
. Defining command \wrShipAux with sig. 'm' on line 165.
.................................................
.................................................
. LaTeX info: "xparse/define-command"
. 
. Defining command \wrShipAun with sig. 'm' on line 167.
.................................................
.................................................
. LaTeX info: "xparse/define-command"
. 
. Defining command \stmLabel with sig. 'm' on line 175.
.................................................
.................................................
. LaTeX info: "xparse/define-command"
. 
. Defining command \NewLabel with sig. 'mm' on line 181.
.................................................
.................................................
. LaTeX info: "xparse/define-command"
. 
. Defining command \stmRef with sig. 'm' on line 186.
.................................................
.................................................
. LaTeX info: "xparse/define-command"
. 
. Defining command \processFnRef with sig. 'm' on line 196.
.................................................
.................................................
. LaTeX info: "xparse/define-command"
. 
. Defining command \fnmark with sig. 'O{}' on line 199.
.................................................
.................................................
. LaTeX info: "xparse/define-command"
. 
. Defining command \fnref with sig. 'm' on line 207.
.................................................
.................................................
. LaTeX info: "xparse/define-command"
. 
. Defining command \corref with sig. 'm' on line 217.
.................................................
.................................................
. LaTeX info: "xparse/define-command"
. 
. Defining command \cormark with sig. 'O{}' on line 223.
.................................................
.................................................
. LaTeX info: "xparse/define-command"
. 
. Defining command \parsename with sig. 'm' on line 238.
.................................................
.................................................
. LaTeX info: "xparse/define-command"
. 
. Defining command \invparsename with sig. 'm' on line 246.
.................................................
.................................................
. LaTeX info: "xparse/define-command"
. 
. Defining command \surname with sig. '' on line 249.
.................................................
.................................................
. LaTeX info: "xparse/define-command"
. 
. Defining command \firstname with sig. '' on line 251.
.................................................
.................................................
. LaTeX info: "xparse/define-command"
. 
. Defining command \eadauthor with sig. '' on line 259.
.................................................
.................................................
. LaTeX info: "xparse/define-command"
. 
. Defining command \processAffRef with sig. 'm' on line 271.
.................................................
.................................................
. LaTeX info: "xparse/define-command"
. 
. Defining command \processAffNum with sig. 'm' on line 281.
.................................................
.................................................
. LaTeX info: "xparse/define-command"
. 
. Defining command \listAff with sig. '' on line 291.
.................................................
.................................................
. LaTeX info: "xparse/define-command"
. 
. Defining command \ead with sig. 'O{}m' on line 296.
.................................................
.................................................
. LaTeX info: "xparse/define-command"
. 
. Defining command \eadsep with sig. '' on line 298.
.................................................
\g_ead_int=\count278
\g_uad_int=\count279
.................................................
. LaTeX info: "xparse/define-command"
. 
. Defining command \@uad with sig. 'O{}m' on line 315.
.................................................
.................................................
. LaTeX info: "xparse/define-command"
. 
. Defining command \urlauthor with sig. 'mm' on line 327.
.................................................
.................................................
. LaTeX info: "xparse/define-command"
. 
. Defining command \@stmuads with sig. '' on line 329.
.................................................
.................................................
. LaTeX info: "xparse/define-command"
. 
. Defining command \@ead with sig. 'm' on line 337.
.................................................
\@eadauthor=\toks24
.................................................
. LaTeX info: "xparse/define-command"
. 
. Defining command \emailauthor with sig. 'mm' on line 351.
.................................................
.................................................
. LaTeX info: "xparse/define-command"
. 
. Defining command \@elseads with sig. '' on line 354.
.................................................
.................................................
. LaTeX info: "xparse/define-command"
. 
. Defining command \printemails with sig. '' on line 377.
.................................................
.................................................
. LaTeX info: "xparse/define-command"
. 
. Defining command \printurls with sig. '' on line 395.
.................................................
.................................................
. LaTeX info: "xparse/define-command"
. 
. Defining command \orcidauthor with sig. 'mm' on line 408.
.................................................
.................................................
. LaTeX info: "xparse/define-command"
. 
. Defining command \printorcid with sig. '' on line 420.
.................................................
.................................................
. LaTeX info: "xparse/define-command"
. 
. Defining command \ContribRole with sig. 'm' on line 432.
.................................................
.................................................
. LaTeX info: "xparse/define-command"
. 
. Defining command \creditauthor with sig. 'mm' on line 438.
.................................................
.................................................
. LaTeX info: "xparse/define-command"
. 
. Defining command \printcredits with sig. '' on line 449.
.................................................
.................................................
. LaTeX info: "xparse/define-command"
. 
. Defining command \writemarks with sig. 'mm' on line 452.
.................................................
.................................................
. LaTeX info: "xparse/define-command"
. 
. Defining command \tnotemark with sig. 'O{}' on line 457.
.................................................
.................................................
. LaTeX info: "xparse/define-command"
. 
. Defining command \@tnoteref with sig. 'm' on line 476.
.................................................
\g_stm_tnote_int=\count280
.................................................
. LaTeX info: "xparse/define-command"
. 
. Defining command \tnotetext with sig. 'O{}m' on line 517.
.................................................
.................................................
. LaTeX info: "xparse/define-command"
. 
. Defining command \nonumnote with sig. 'm' on line 532.
.................................................
\g_stm_fnote_int=\count281
.................................................
. LaTeX info: "xparse/define-command"
. 
. Defining command \fntext with sig. 'O{}m' on line 561.
.................................................
\g_stm_cor_int=\count282
.................................................
. LaTeX info: "xparse/define-command"
. 
. Defining command \cortext with sig. 'O{}m' on line 604.
.................................................
.................................................
. LaTeX info: "xparse/define-command"
. 
. Defining command \process@marks with sig. '' on line 626.
.................................................
\g_stm_au_int=\count283
\g_stm_aau_int=\count284
.................................................
. LaTeX info: "xparse/define-command"
. 
. Defining command \ResetMarks with sig. '' on line 663.
.................................................
\l_autype_int=\count285
\l_stm_augroup_before_dim=\dimen172
\l_stm_augroup_after_dim=\dimen173
\l_stm_augroup_lskip_tl=\dimen174
\l_stm_augroup_rskip_tl=\dimen175
.................................................
. LaTeX info: "xparse/define-command"
. 
. Defining command \stmAuthorSetup with sig. 'm' on line 756.
.................................................
.................................................
. LaTeX info: "xparse/define-command"
. 
. Defining command \stmausetup with sig. 'm' on line 760.
.................................................
.................................................
. LaTeX info: "xparse/define-command"
. 
. Defining command \stmclbsetup with sig. 'm' on line 764.
.................................................
.................................................
. LaTeX info: "xparse/define-command"
. 
. Defining command \twitterauthor with sig. 'mm' on line 784.
.................................................
.................................................
. LaTeX info: "xparse/define-command"
. 
. Defining command \facebookauthor with sig. 'mm' on line 792.
.................................................
.................................................
. LaTeX info: "xparse/define-command"
. 
. Defining command \gplusauthor with sig. 'mm' on line 800.
.................................................
.................................................
. LaTeX info: "xparse/define-command"
. 
. Defining command \linkedinauthor with sig. 'mm' on line 809.
.................................................
.................................................
. LaTeX info: "xparse/define-command"
. 
. Defining command \printmaltese with sig. '' on line 814.
.................................................
.................................................
. LaTeX info: "xparse/define-command"
. 
. Defining command \printfacebook with sig. '' on line 828.
.................................................
.................................................
. LaTeX info: "xparse/define-command"
. 
. Defining command \printtwitter with sig. '' on line 842.
.................................................
.................................................
. LaTeX info: "xparse/define-command"
. 
. Defining command \printgplus with sig. '' on line 856.
.................................................
.................................................
. LaTeX info: "xparse/define-command"
. 
. Defining command \printlinkedin with sig. '' on line 870.
.................................................
.................................................
. LaTeX info: "xparse/redefine-command"
. 
. Redefining command \author with sig. 'O{}mO{}' on line 977.
.................................................
.................................................
. LaTeX info: "xparse/define-command"
. 
. Defining command \stmauthors with sig. '' on line 998.
.................................................
.................................................
. LaTeX info: "xparse/define-command"
. 
. Defining command \stmcollab with sig. '' on line 1023.
.................................................
.................................................
. LaTeX info: "xparse/define-command"
. 
. Defining command \dept with sig. 'm' on line 1032.
.................................................
.................................................
. LaTeX info: "xparse/define-command"
. 
. Defining command \divn with sig. 'm' on line 1033.
.................................................
.................................................
. LaTeX info: "xparse/define-command"
. 
. Defining command \aline with sig. 'm' on line 1034.
.................................................
.................................................
. LaTeX info: "xparse/define-command"
. 
. Defining command \city with sig. 'm' on line 1035.
.................................................
.................................................
. LaTeX info: "xparse/define-command"
. 
. Defining command \cnty with sig. 'm' on line 1036.
.................................................
.................................................
. LaTeX info: "xparse/define-command"
. 
. Defining command \phone with sig. 'm' on line 1037.
.................................................
.................................................
. LaTeX info: "xparse/define-command"
. 
. Defining command \fax with sig. 'm' on line 1038.
.................................................
.................................................
. LaTeX info: "xparse/define-command"
. 
. Defining command \aurl with sig. 'm' on line 1039.
.................................................
\g_stm_aff_int=\count286
.................................................
. LaTeX info: "xparse/define-command"
. 
. Defining command \stmAddrSetup with sig. 'm' on line 1060.
.................................................
.................................................
. LaTeX info: "xparse/define-command"
. 
. Defining command \printaddrinfoot with sig. '' on line 1081.
.................................................
.................................................
. LaTeX info: "xparse/define-command"
. 
. Defining command \address with sig. 'O{}mO{}' on line 1114.
.................................................
\l_stm_aff_before_dim=\dimen176
\l_stm_aff_after_dim=\dimen177
\l_stm_aff_lskip_dim=\dimen178
\l_stm_aff_rskip_dim=\dimen179
.................................................
. LaTeX info: "xparse/define-command"
. 
. Defining command \stmAffSetup with sig. 'm' on line 1170.
.................................................
.................................................
. LaTeX info: "xparse/define-command"
. 
. Defining command \stmaffsetup with sig. 'm' on line 1174.
.................................................
.................................................
. LaTeX info: "xparse/define-command"
. 
. Defining command \stmaddress with sig. '' on line 1203.
.................................................
\g_stm_augr_int=\count287
\g_stm_aaugr_int=\count288
.................................................
. LaTeX info: "xparse/define-environment"
. 
. Defining environment 'augroup' with sig. '' on line 1268.
.................................................
 ("C:\Program Files\MiKTeX 2.9\tex\latex\moreverb\moreverb.sty"
Package: moreverb 2008/06/03 v2.3a `more' verbatim facilities

("C:\Program Files\MiKTeX 2.9\tex\latex\tools\verbatim.sty"
Package: verbatim 2014/10/28 v1.5q LaTeX2e package for verbatim enhancements
\every@verbatim=\toks25
\verbatim@line=\toks26
\verbatim@in@stream=\read2
)
\tab@position=\count289
\tab@size=\count290
\listing@line=\count291
)
\g_stm_abs_box=\box43
.................................................
. LaTeX info: "xparse/define-environment"
. 
. Defining environment 'Abstract' with sig. 'o' on line 1302.
.................................................
.................................................
. LaTeX info: "xparse/define-environment"
. 
. Defining environment 'PrelimsAbstract' with sig. 'O{}' on line 1314.
.................................................
.................................................
. LaTeX info: "xparse/redefine-environment"
. 
. Redefining environment 'abstract' with sig. 'o' on line 1322.
.................................................
\casgrabsbox=\box44
\casauhlbox=\box45
.................................................
. LaTeX info: "xparse/define-environment"
. 
. Defining environment 'graphicalabstract' with sig. 'O{Graphical Abstract}'
. on line 1339.
.................................................
.................................................
. LaTeX info: "xparse/define-environment"
. 
. Defining environment 'highlights' with sig. 'O{Highlights}' on line 1353.
.................................................
.................................................
. LaTeX info: "xparse/define-command"
. 
. Defining command \dashrule with sig. 'O{.4pt}mm' on line 1362.
.................................................
.................................................
. LaTeX info: "xparse/define-command"
. 
. Defining command \keywordtitle with sig. '' on line 1364.
.................................................
.................................................
. LaTeX info: "xparse/define-command"
. 
. Defining command \keywordtitlesep with sig. '' on line 1365.
.................................................
\g_stm_key_box=\box46
.................................................
. LaTeX info: "xparse/define-command"
. 
. Defining command \MSC with sig. 'O{}m' on line 1371.
.................................................
.................................................
. LaTeX info: "xparse/define-command"
. 
. Defining command \JEL with sig. 'm' on line 1375.
.................................................
.................................................
. LaTeX info: "xparse/define-command"
. 
. Defining command \PACS with sig. 'm' on line 1379.
.................................................
.................................................
. LaTeX info: "xparse/define-environment"
. 
. Defining environment 'keywords' with sig. 'O{Keywords}' on line 1392.
.................................................
\g_stm_jtype_int=\count292
\g_stm_blind_int=\count293
.................................................
. LaTeX info: "xparse/define-command"
. 
. Defining command \printFirstPageNotes with sig. '' on line 1435.
.................................................
.................................................
. LaTeX info: "xparse/define-command"
. 
. Defining command \received with sig. 'm' on line 1451.
.................................................
.................................................
. LaTeX info: "xparse/define-command"
. 
. Defining command \accepted with sig. 'm' on line 1453.
.................................................
.................................................
. LaTeX info: "xparse/define-command"
. 
. Defining command \revised with sig. 'm' on line 1455.
.................................................
.................................................
. LaTeX info: "xparse/define-command"
. 
. Defining command \published with sig. 'O{}m' on line 1461.
.................................................
.................................................
. LaTeX info: "xparse/define-command"
. 
. Defining command \verso with sig. 'm' on line 1470.
.................................................
.................................................
. LaTeX info: "xparse/define-command"
. 
. Defining command \recto with sig. 'm' on line 1472.
.................................................
\c@au=\count294
\c@cnote=\count295
\c@tnote=\count296
\c@fnote=\count297
\c@aff=\count298
.................................................
. LaTeX info: "xparse/define-command"
. 
. Defining command \processbreakafter with sig. '' on line 1515.
.................................................
.................................................
. LaTeX info: "xparse/define-command"
. 
. Defining command \pprintMaketitle with sig. 'O{}' on line 1554.
.................................................
.................................................
. LaTeX info: "xparse/define-command"
. 
. Defining command \MaketitleBox with sig. '' on line 1584.
.................................................
\g_stm_notes_box=\box47
\g_stm_front_box=\box48
.................................................
. LaTeX info: "xparse/define-command"
. 
. Defining command \LongMaketitleBox with sig. '' on line 1621.
.................................................
.................................................
. LaTeX info: "xparse/define-command"
. 
. Defining command \ProcessLongTitleBox with sig. '' on line 1662.
.................................................
\paraindent=\dimen180
\subparaindent=\dimen181
\FullWidth=\dimen182
\l_tbl_width_dim=\dimen183
\l_tbl_abovecap_skip=\skip58
\l_tbl_belowcap_skip=\skip59
\l_tbl_abovetbl_skip=\skip60
\l_tbl_belowtbl_skip=\skip61
.................................................
. LaTeX info: "xparse/redefine-environment"
. 
. Redefining environment 'table' with sig. 'O{}' on line 1894.
.................................................
.................................................
. LaTeX info: "xparse/redefine-environment"
. 
. Redefining environment 'table*' with sig. 'O{width=\FullWidth }' on line
. 1913.
.................................................
\l_fig_width_dim=\dimen184
\l_fig_abovecap_skip=\skip62
\l_fig_belowcap_skip=\skip63
\l_fig_abovefig_skip=\skip64
\l_fig_belowfig_skip=\skip65
.................................................
. LaTeX info: "xparse/redefine-environment"
. 
. Redefining environment 'figure' with sig. 'O{}' on line 1970.
.................................................
.................................................
. LaTeX info: "xparse/redefine-environment"
. 
. Redefining environment 'figure*' with sig. 'O{width=\textwidth }' on line
. 1987.
.................................................

("C:\Program Files\MiKTeX 2.9\tex\latex\wrapfig\wrapfig.sty"
\wrapoverhang=\dimen185
\WF@size=\dimen186
\c@WF@wrappedlines=\count299
\WF@box=\box49
\WF@everypar=\toks27
Package: wrapfig 2003/01/31  v 3.6
)
\l_wrap_figwidth_dim=\dimen187
\l_wrap_fighspace_dim=\dimen188
\l_wrap_figvspace_dim=\dimen189
\l_wrap_fighcorr_dim=\dimen190
\l_wrap_figvcorr_dim=\dimen191
\l_above_bio_dim=\dimen192
\l_wrap_figlcorr_int=\count300
\l_wrap_figlines_int=\count301
.................................................
. LaTeX info: "xparse/define-command"
. 
. Defining command \wfigwidth with sig. 'm' on line 2005.
.................................................
.................................................
. LaTeX info: "xparse/define-command"
. 
. Defining command \wfighspace with sig. 'm' on line 2007.
.................................................
.................................................
. LaTeX info: "xparse/define-command"
. 
. Defining command \wfigvspace with sig. 'm' on line 2009.
.................................................
.................................................
. LaTeX info: "xparse/define-command"
. 
. Defining command \wfighcorr with sig. 'm' on line 2011.
.................................................
.................................................
. LaTeX info: "xparse/define-command"
. 
. Defining command \wfigvcorr with sig. 'm' on line 2013.
.................................................
.................................................
. LaTeX info: "xparse/define-command"
. 
. Defining command \addfiglines with sig. 'm' on line 2015.
.................................................
.................................................
. LaTeX info: "xparse/define-command"
. 
. Defining command \abovebioskip with sig. 'm' on line 2017.
.................................................
\l_bio_text_box=\box50
.................................................
. LaTeX info: "xparse/define-command"
. 
. Defining command \WrapFigure with sig. 'om' on line 2109.
.................................................
\c@ca_biography_ctr=\count302
.................................................
. LaTeX info: "xparse/define-command"
. 
. Defining command \bio with sig. 'O{}m' on line 2137.
.................................................
\l_ca_temp_inta=\count303
.................................................
. LaTeX info: "xparse/define-command"
. 
. Defining command \endbio with sig. '' on line 2156.
.................................................
.................................................
. LaTeX info: "xparse/define-environment"
. 
. Defining environment 'biography' with sig. 'om' on line 2168.
.................................................
\leftMargin=\dimen193
\@enLab=\toks28
\@sep=\skip66
\@@sep=\skip67
)
.................................................
. LaTeX info: "xparse/redefine-command"
. 
. Redefining command \maketitle with sig. '' on line 128.
.................................................

("C:\Program Files\MiKTeX 2.9\tex\latex\base\fontenc.sty"
Package: fontenc 2017/04/05 v2.0i Standard LaTeX package

("C:\Program Files\MiKTeX 2.9\tex\latex\base\t1enc.def"
File: t1enc.def 2017/04/05 v2.0i Standard LaTeX file
LaTeX Font Info:    Redeclaring font encoding T1 on input line 48.
))
("C:\Program Files\MiKTeX 2.9\tex\latex\stix\stix.sty"
Package: stix 2018/04/17 v1.1.3-latex STIX fonts support package

("C:\Program Files\MiKTeX 2.9\tex\latex\base\textcomp.sty"
Package: textcomp 2017/04/05 v2.0i Standard LaTeX package
Package textcomp Info: Sub-encoding information:
(textcomp)               5 = only ISO-Adobe without \textcurrency
(textcomp)               4 = 5 + \texteuro
(textcomp)               3 = 4 + \textohm
(textcomp)               2 = 3 + \textestimated + \textcurrency
(textcomp)               1 = TS1 - \textcircled - \t
(textcomp)               0 = TS1 (full)
(textcomp)             Font families with sub-encoding setting implement
(textcomp)             only a restricted character set as indicated.
(textcomp)             Family '?' is the default used for unknown fonts.
(textcomp)             See the documentation for details.
Package textcomp Info: Setting ? sub-encoding to TS1/1 on input line 79.
Package textcomp Info: Changing ? sub-encoding to TS1/0 on input line 80.

("C:\Program Files\MiKTeX 2.9\tex\latex\base\ts1enc.def"
File: ts1enc.def 2001/06/05 v3.0e (jk/car/fm) Standard LaTeX file
)
LaTeX Info: Redefining \oldstylenums on input line 334.
Package textcomp Info: Setting cmr sub-encoding to TS1/0 on input line 349.
Package textcomp Info: Setting cmss sub-encoding to TS1/0 on input line 350.
Package textcomp Info: Setting cmtt sub-encoding to TS1/0 on input line 351.
Package textcomp Info: Setting cmvtt sub-encoding to TS1/0 on input line 352.
Package textcomp Info: Setting cmbr sub-encoding to TS1/0 on input line 353.
Package textcomp Info: Setting cmtl sub-encoding to TS1/0 on input line 354.
Package textcomp Info: Setting ccr sub-encoding to TS1/0 on input line 355.
Package textcomp Info: Setting ptm sub-encoding to TS1/4 on input line 356.
Package textcomp Info: Setting pcr sub-encoding to TS1/4 on input line 357.
Package textcomp Info: Setting phv sub-encoding to TS1/4 on input line 358.
Package textcomp Info: Setting ppl sub-encoding to TS1/3 on input line 359.
Package textcomp Info: Setting pag sub-encoding to TS1/4 on input line 360.
Package textcomp Info: Setting pbk sub-encoding to TS1/4 on input line 361.
Package textcomp Info: Setting pnc sub-encoding to TS1/4 on input line 362.
Package textcomp Info: Setting pzc sub-encoding to TS1/4 on input line 363.
Package textcomp Info: Setting bch sub-encoding to TS1/4 on input line 364.
Package textcomp Info: Setting put sub-encoding to TS1/5 on input line 365.
Package textcomp Info: Setting uag sub-encoding to TS1/5 on input line 366.
Package textcomp Info: Setting ugq sub-encoding to TS1/5 on input line 367.
Package textcomp Info: Setting ul8 sub-encoding to TS1/4 on input line 368.
Package textcomp Info: Setting ul9 sub-encoding to TS1/4 on input line 369.
Package textcomp Info: Setting augie sub-encoding to TS1/5 on input line 370.
Package textcomp Info: Setting dayrom sub-encoding to TS1/3 on input line 371.
Package textcomp Info: Setting dayroms sub-encoding to TS1/3 on input line 372.

Package textcomp Info: Setting pxr sub-encoding to TS1/0 on input line 373.
Package textcomp Info: Setting pxss sub-encoding to TS1/0 on input line 374.
Package textcomp Info: Setting pxtt sub-encoding to TS1/0 on input line 375.
Package textcomp Info: Setting txr sub-encoding to TS1/0 on input line 376.
Package textcomp Info: Setting txss sub-encoding to TS1/0 on input line 377.
Package textcomp Info: Setting txtt sub-encoding to TS1/0 on input line 378.
Package textcomp Info: Setting lmr sub-encoding to TS1/0 on input line 379.
Package textcomp Info: Setting lmdh sub-encoding to TS1/0 on input line 380.
Package textcomp Info: Setting lmss sub-encoding to TS1/0 on input line 381.
Package textcomp Info: Setting lmssq sub-encoding to TS1/0 on input line 382.
Package textcomp Info: Setting lmvtt sub-encoding to TS1/0 on input line 383.
Package textcomp Info: Setting lmtt sub-encoding to TS1/0 on input line 384.
Package textcomp Info: Setting qhv sub-encoding to TS1/0 on input line 385.
Package textcomp Info: Setting qag sub-encoding to TS1/0 on input line 386.
Package textcomp Info: Setting qbk sub-encoding to TS1/0 on input line 387.
Package textcomp Info: Setting qcr sub-encoding to TS1/0 on input line 388.
Package textcomp Info: Setting qcs sub-encoding to TS1/0 on input line 389.
Package textcomp Info: Setting qpl sub-encoding to TS1/0 on input line 390.
Package textcomp Info: Setting qtm sub-encoding to TS1/0 on input line 391.
Package textcomp Info: Setting qzc sub-encoding to TS1/0 on input line 392.
Package textcomp Info: Setting qhvc sub-encoding to TS1/0 on input line 393.
Package textcomp Info: Setting futs sub-encoding to TS1/4 on input line 394.
Package textcomp Info: Setting futx sub-encoding to TS1/4 on input line 395.
Package textcomp Info: Setting futj sub-encoding to TS1/4 on input line 396.
Package textcomp Info: Setting hlh sub-encoding to TS1/3 on input line 397.
Package textcomp Info: Setting hls sub-encoding to TS1/3 on input line 398.
Package textcomp Info: Setting hlst sub-encoding to TS1/3 on input line 399.
Package textcomp Info: Setting hlct sub-encoding to TS1/5 on input line 400.
Package textcomp Info: Setting hlx sub-encoding to TS1/5 on input line 401.
Package textcomp Info: Setting hlce sub-encoding to TS1/5 on input line 402.
Package textcomp Info: Setting hlcn sub-encoding to TS1/5 on input line 403.
Package textcomp Info: Setting hlcw sub-encoding to TS1/5 on input line 404.
Package textcomp Info: Setting hlcf sub-encoding to TS1/5 on input line 405.
Package textcomp Info: Setting pplx sub-encoding to TS1/3 on input line 406.
Package textcomp Info: Setting pplj sub-encoding to TS1/3 on input line 407.
Package textcomp Info: Setting ptmx sub-encoding to TS1/4 on input line 408.
Package textcomp Info: Setting ptmj sub-encoding to TS1/4 on input line 409.
)
LaTeX Font Info:    Redeclaring symbol font `letters' on input line 76.
LaTeX Font Info:    Encoding `OML' has changed to `LS1' for symbol font
(Font)              `letters' in the math version `normal' on input line 76.
LaTeX Font Info:    Overwriting symbol font `letters' in version `normal'
(Font)                  OML/cmm/m/it --> LS1/stix/m/it on input line 76.
LaTeX Font Info:    Encoding `OML' has changed to `LS1' for symbol font
(Font)              `letters' in the math version `bold' on input line 76.
LaTeX Font Info:    Overwriting symbol font `letters' in version `bold'
(Font)                  OML/cmm/b/it --> LS1/stix/m/it on input line 76.
LaTeX Font Info:    Redeclaring symbol font `operators' on input line 77.
LaTeX Font Info:    Encoding `OT1' has changed to `LS1' for symbol font
(Font)              `operators' in the math version `normal' on input line 77.
LaTeX Font Info:    Overwriting symbol font `operators' in version `normal'
(Font)                  OT1/cmr/m/n --> LS1/stix/m/n on input line 77.
LaTeX Font Info:    Encoding `OT1' has changed to `LS1' for symbol font
(Font)              `operators' in the math version `bold' on input line 77.
LaTeX Font Info:    Overwriting symbol font `operators' in version `bold'
(Font)                  OT1/cmr/bx/n --> LS1/stix/m/n on input line 77.
\symbold-operators=\mathgroup6
LaTeX Font Info:    Redeclaring symbol font `symbols' on input line 79.
LaTeX Font Info:    Encoding `OMS' has changed to `LS1' for symbol font
(Font)              `symbols' in the math version `normal' on input line 79.
LaTeX Font Info:    Overwriting symbol font `symbols' in version `normal'
(Font)                  OMS/cmsy/m/n --> LS1/stixscr/m/n on input line 79.
LaTeX Font Info:    Encoding `OMS' has changed to `LS1' for symbol font
(Font)              `symbols' in the math version `bold' on input line 79.
LaTeX Font Info:    Overwriting symbol font `symbols' in version `bold'
(Font)                  OMS/cmsy/b/n --> LS1/stixscr/m/n on input line 79.
\symsymbols2=\mathgroup7
\symsymbols3=\mathgroup8
\symsymbols4=\mathgroup9
\symintegrals=\mathgroup10
LaTeX Font Info:    Redeclaring symbol font `largesymbols' on input line 84.
LaTeX Font Info:    Encoding `OMX' has changed to `LS2' for symbol font
(Font)              `largesymbols' in the math version `normal' on input line 8
4.
LaTeX Font Info:    Overwriting symbol font `largesymbols' in version `normal'
(Font)                  OMX/cmex/m/n --> LS2/stixex/m/n on input line 84.
LaTeX Font Info:    Encoding `OMX' has changed to `LS2' for symbol font
(Font)              `largesymbols' in the math version `bold' on input line 84.

LaTeX Font Info:    Overwriting symbol font `largesymbols' in version `bold'
(Font)                  OMX/cmex/m/n --> LS2/stixex/m/n on input line 84.
\symarrows1=\mathgroup11
\symarrows2=\mathgroup12
\symarrows3=\mathgroup13
LaTeX Font Info:    Overwriting symbol font `letters' in version `bold'
(Font)                  LS1/stix/m/it --> LS1/stix/b/it on input line 88.
LaTeX Font Info:    Overwriting symbol font `operators' in version `bold'
(Font)                  LS1/stix/m/n --> LS1/stix/b/n on input line 89.
LaTeX Font Info:    Overwriting symbol font `symbols' in version `bold'
(Font)                  LS1/stixscr/m/n --> LS1/stixscr/b/n on input line 90.
LaTeX Font Info:    Overwriting symbol font `symbols2' in version `bold'
(Font)                  LS1/stixfrak/m/n --> LS1/stixfrak/b/n on input line 91.

LaTeX Font Info:    Overwriting symbol font `symbols3' in version `bold'
(Font)                  LS1/stixbb/m/n --> LS1/stixbb/b/n on input line 92.
LaTeX Font Info:    Overwriting symbol font `symbols4' in version `bold'
(Font)                  LS1/stixbb/m/it --> LS1/stixbb/b/it on input line 93.
LaTeX Font Info:    Overwriting symbol font `integrals' in version `bold'
(Font)                  LS2/stixcal/m/n --> LS2/stixcal/b/n on input line 94.
LaTeX Font Info:    Overwriting symbol font `largesymbols' in version `bold'
(Font)                  LS2/stixex/m/n --> LS2/stixex/b/n on input line 95.
LaTeX Font Info:    Overwriting symbol font `arrows1' in version `bold'
(Font)                  LS1/stixsf/m/n --> LS1/stixsf/b/n on input line 96.
LaTeX Font Info:    Overwriting symbol font `arrows2' in version `bold'
(Font)                  LS1/stixsf/m/it --> LS1/stixsf/b/it on input line 97.
LaTeX Font Info:    Overwriting symbol font `arrows3' in version `bold'
(Font)                  LS2/stixtt/m/n --> LS2/stixtt/b/n on input line 98.
LaTeX Font Info:    Redeclaring math alphabet \mathit on input line 99.
LaTeX Font Info:    Redeclaring math alphabet \mathfrak on input line 102.
LaTeX Font Info:    Redeclaring math alphabet \mathsf on input line 106.
LaTeX Font Info:    Redeclaring math alphabet \mathtt on input line 108.
LaTeX Font Info:    Redeclaring math alphabet \mathbf on input line 109.
LaTeX Info: Redefining \yen on input line 456.
LaTeX Info: Redefining \circledR on input line 458.
LaTeX Info: Redefining \checkmark on input line 460.
LaTeX Info: Redefining \maltese on input line 461.
LaTeX Info: Redefining \vdots on input line 1518.
LaTeX Info: Redefining \cdots on input line 1522.
LaTeX Info: Redefining \not on input line 2144.
)
("C:\Program Files\MiKTeX 2.9\tex\latex\geometry\geometry.sty"
Package: geometry 2010/09/12 v5.6 Page Geometry
\Gm@cnth=\count304
\Gm@cntv=\count305
\c@Gm@tempcnt=\count306
\Gm@bindingoffset=\dimen194
\Gm@wd@mp=\dimen195
\Gm@odd@mp=\dimen196
\Gm@even@mp=\dimen197
\Gm@layoutwidth=\dimen198
\Gm@layoutheight=\dimen199
\Gm@layouthoffset=\dimen256
\Gm@layoutvoffset=\dimen257
\Gm@dimlist=\toks29

("C:\Program Files\MiKTeX 2.9\tex\latex\geometry\geometry.cfg")))
("C:\Program Files\MiKTeX 2.9\tex\latex\natbib\natbib.sty"
Package: natbib 2010/09/13 8.31b (PWD, AO)
\bibhang=\skip68
\bibsep=\skip69
LaTeX Info: Redefining \cite on input line 694.
\c@NAT@ctr=\count307
)
(cas-sc-template.aux)
\openout1 = `cas-sc-template.aux'.

LaTeX Font Info:    Checking defaults for OML/cmm/m/it on input line 37.
LaTeX Font Info:    ... okay on input line 37.
LaTeX Font Info:    Checking defaults for T1/cmr/m/n on input line 37.
LaTeX Font Info:    ... okay on input line 37.
LaTeX Font Info:    Checking defaults for OT1/cmr/m/n on input line 37.
LaTeX Font Info:    ... okay on input line 37.
LaTeX Font Info:    Checking defaults for OMS/cmsy/m/n on input line 37.
LaTeX Font Info:    ... okay on input line 37.
LaTeX Font Info:    Checking defaults for OMX/cmex/m/n on input line 37.
LaTeX Font Info:    ... okay on input line 37.
LaTeX Font Info:    Checking defaults for U/cmr/m/n on input line 37.
LaTeX Font Info:    ... okay on input line 37.
LaTeX Font Info:    Checking defaults for PD1/pdf/m/n on input line 37.
LaTeX Font Info:    ... okay on input line 37.
LaTeX Font Info:    Checking defaults for TS1/cmr/m/n on input line 37.
LaTeX Font Info:    Try loading font information for TS1+cmr on input line 37.
 ("C:\Program Files\MiKTeX 2.9\tex\latex\base\ts1cmr.fd"
File: ts1cmr.fd 2014/09/29 v2.5h Standard LaTeX font definitions
)
LaTeX Font Info:    ... okay on input line 37.
LaTeX Font Info:    Checking defaults for LS1/stix/m/n on input line 37.
LaTeX Font Info:    Try loading font information for LS1+stix on input line 37.


("C:\Program Files\MiKTeX 2.9\tex\latex\stix\ls1stix.fd"
File: ls1stix.fd 2015/04/17 v1.1.2-latex STIX LS1 font definitions
)
LaTeX Font Info:    ... okay on input line 37.
LaTeX Font Info:    Checking defaults for LS2/stix/m/n on input line 37.
LaTeX Font Info:    Try loading font information for LS2+stix on input line 37.


("C:\Program Files\MiKTeX 2.9\tex\latex\stix\ls2stix.fd"
File: ls2stix.fd 2015/04/17 v1.1.2-latex STIX LS2 font definitions
)
LaTeX Font Info:    ... okay on input line 37.
LaTeX Font Info:    Try loading font information for T1+stix on input line 37.

("C:\Program Files\MiKTeX 2.9\tex\latex\stix\t1stix.fd"
File: t1stix.fd 2015/04/17 v1.1.2-latex STIX T1 font definitions
)
("C:\Program Files\MiKTeX 2.9\tex\context\base\supp-pdf.mkii"
[Loading MPS to PDF converter (version 2006.09.02).]
\scratchcounter=\count308
\scratchdimen=\dimen258
\scratchbox=\box51
\nofMPsegments=\count309
\nofMParguments=\count310
\everyMPshowfont=\toks30
\MPscratchCnt=\count311
\MPscratchDim=\dimen259
\MPnumerator=\count312
\makeMPintoPDFobject=\count313
\everyMPtoPDFconversion=\toks31
) ("C:\Program Files\MiKTeX 2.9\tex\latex\oberdiek\epstopdf-base.sty"
Package: epstopdf-base 2016/05/15 v2.6 Base part for package epstopdf

("C:\Program Files\MiKTeX 2.9\tex\latex\oberdiek\grfext.sty"
Package: grfext 2016/05/16 v1.2 Manage graphics extensions (HO)
)
Package epstopdf-base Info: Redefining graphics rule for `.eps' on input line 4
38.
Package grfext Info: Graphics extension search list:
(grfext)             [.pdf,.png,.jpg,.mps,.jpeg,.jbig2,.jb2,.PDF,.PNG,.JPG,.JPE
G,.JBIG2,.JB2,.eps]
(grfext)             \AppendGraphicsExtensions on input line 456.
)
\AtBeginShipoutBox=\box52
Package hyperref Info: Link coloring ON on input line 37.

("C:\Program Files\MiKTeX 2.9\tex\latex\hyperref\nameref.sty"
Package: nameref 2016/05/21 v2.44 Cross-referencing by name of section

("C:\Program Files\MiKTeX 2.9\tex\generic\oberdiek\gettitlestring.sty"
Package: gettitlestring 2016/05/16 v1.5 Cleanup title references (HO)
)
\c@section@level=\count314
)
LaTeX Info: Redefining \ref on input line 37.
LaTeX Info: Redefining \pageref on input line 37.
LaTeX Info: Redefining \nameref on input line 37.

(cas-sc-template.out) (cas-sc-template.out)
\@outlinefile=\write4
\openout4 = `cas-sc-template.out'.


*geometry* driver: auto-detecting
*geometry* detected driver: pdftex
*geometry* verbose mode - [ preamble ] result:
* driver: pdftex
* paper: custom
* layout: <same size as paper>
* layoutoffset:(h,v)=(0.0pt,0.0pt)
* modes: 
* h-part:(L,W,R)=(38.98026pt, 468.3324pt, 38.98026pt)
* v-part:(T,H,B)=(54.06023pt, 637.34175pt, 54.06023pt)
* \paperwidth=546.29291pt
* \paperheight=745.4622pt
* \textwidth=468.3324pt
* \textheight=637.34175pt
* \oddsidemargin=-33.28973pt
* \evensidemargin=-33.28973pt
* \topmargin=-42.20976pt
* \headheight=12.0pt
* \headsep=12.0pt
* \topskip=10.0pt
* \footskip=12.0pt
* \marginparwidth=57.0pt
* \marginparsep=11.0pt
* \columnsep=10.0pt
* \skip\footins=9.0pt plus 4.0pt minus 2.0pt
* \hoffset=0.0pt
* \voffset=0.0pt
* \mag=1000
* \@twocolumnfalse
* \@twosidefalse
* \@mparswitchfalse
* \@reversemarginfalse
* (1in=72.27pt=25.4mm, 1cm=28.453pt)


Package hyperref Warning: Token not allowed in a PDF string (PDFDocEncoding):
(hyperref)                removing `math shift' on input line 45.


Package hyperref Warning: Token not allowed in a PDF string (PDFDocEncoding):
(hyperref)                removing `subscript' on input line 45.


Package hyperref Warning: Token not allowed in a PDF string (PDFDocEncoding):
(hyperref)                removing `math shift' on input line 45.

*************************************************
* [TNOTE: Number]
*************************************************
*************************************************
* [TNOTE: Number]
*************************************************
*************************************************
* [COR: alpha]
*************************************************
*************************************************
* [COR: alpha]
*************************************************
*************************************************
* [FN: alpha]
*************************************************
*************************************************
* [FN: alpha]
*************************************************
\verbatim@out=\write5
\openout5 = `cas-sc-template.abs'.

LaTeX Font Info:    Font shape `T1/stix/bx/n' in size <12> not available
(Font)              Font shape `T1/stix/b/n' tried instead on input line 122.
LaTeX Font Info:    Try loading font information for LS1+stixscr on input line 
122.
("C:\Program Files\MiKTeX 2.9\tex\latex\stix\ls1stixscr.fd"
File: ls1stixscr.fd 2015/04/17 v1.1.2-latex STIX script LS1 font definitions
)
LaTeX Font Info:    Try loading font information for LS2+stixex on input line 1
22.

("C:\Program Files\MiKTeX 2.9\tex\latex\stix\ls2stixex.fd"
File: ls2stixex.fd 2015/04/17 v1.1.2-latex STIX extentions LS2 font definitions

)
LaTeX Font Info:    Try loading font information for U+msa on input line 122.

("C:\Program Files\MiKTeX 2.9\tex\latex\amsfonts\umsa.fd"
File: umsa.fd 2013/01/14 v3.01 AMS symbols A
)
LaTeX Font Info:    Try loading font information for U+msb on input line 122.

("C:\Program Files\MiKTeX 2.9\tex\latex\amsfonts\umsb.fd"
File: umsb.fd 2013/01/14 v3.01 AMS symbols B
)
LaTeX Font Info:    Try loading font information for LS1+stixfrak on input line
 122.

("C:\Program Files\MiKTeX 2.9\tex\latex\stix\ls1stixfrak.fd"
File: ls1stixfrak.fd 2015/04/17 v1.1.2-latex STIX fraktur LS1 font definitions
)
LaTeX Font Info:    Try loading font information for LS1+stixbb on input line 1
22.

("C:\Program Files\MiKTeX 2.9\tex\latex\stix\ls1stixbb.fd"
File: ls1stixbb.fd 2015/04/17 v1.1.2-latex STIX blackboard LS1 font definitions

)
LaTeX Font Info:    Try loading font information for LS2+stixcal on input line 
122.

("C:\Program Files\MiKTeX 2.9\tex\latex\stix\ls2stixcal.fd"
File: ls2stixcal.fd 2015/04/17 v1.1.2-latex STIX calligraphic LS2 font definiti
ons
)
LaTeX Font Info:    Try loading font information for LS1+stixsf on input line 1
22.

("C:\Program Files\MiKTeX 2.9\tex\latex\stix\ls1stixsf.fd"
File: ls1stixsf.fd 2015/04/17 v1.1.2-latex STIX sans-serif LS1 font definitions

)
LaTeX Font Info:    Try loading font information for LS2+stixtt on input line 1
22.

("C:\Program Files\MiKTeX 2.9\tex\latex\stix\ls2stixtt.fd"
File: ls2stixtt.fd 2015/04/17 v1.1.2-latex STIX typewriter LS2 font definitions

)
<figs/grabs.pdf, id=3, pagebox=cropbox, 142.26349pt x 85.3579pt>
File: figs/grabs.pdf Graphic file (type pdf)
<use figs/grabs.pdf>
Package pdftex.def Info: figs/grabs.pdf  used on input line 122. on input line 
122.
Package pdftex.def Info: Requested size: 142.26312pt x 85.35768pt on input line
 122.
LaTeX Font Info:    Try loading font information for TS1+stix on input line 126
.

("C:\Program Files\MiKTeX 2.9\tex\latex\stix\ts1stix.fd"
File: ts1stix.fd 2015/04/17 v1.1.2-latex STIX TS1 font definitions
) [0

{C:/Users/loren/AppData/Local/MiKTeX/2.9/pdftex/config/pdftex.map} <./figs/grab
s.pdf>]pdfTeX warning (ext4): destination with the same identifier (name{page.0
}) has been already used, duplicate ignored
<to be read again> 
                   \relax 
l.136 \maketitle
                 [0]
Overfull \hbox (117.0831pt too wide) detected at line 136
[]
 []

(cas-sc-template.abs
LaTeX Font Info:    Try loading font information for T1+cmtt on input line 3.
 ("C:\Program Files\MiKTeX 2.9\tex\latex\base\t1cmtt.fd"
File: t1cmtt.fd 2014/09/29 v2.5h Standard LaTeX font definitions
))
Overfull \hbox (1.3256pt too wide) in paragraph at lines 3--136
 \T1/cmtt/m/n/8 \beginabstract \T1/stix/m/n/8 ...\T1/cmtt/m/n/8 \endabstract \T
1/stix/m/n/8 and [][]\T1/cmtt/m/n/8 \begin{keyword} []... []\end{keyword} []\T1
/stix/m/n/8 which con-
 []


Package hyperref Warning: Ignoring empty anchor on input line 136.


Package hyperref Warning: Ignoring empty anchor on input line 136.


Package hyperref Warning: Ignoring empty anchor on input line 136.


Package hyperref Warning: Ignoring empty anchor on input line 136.


Package hyperref Warning: Ignoring empty anchor on input line 136.


Package hyperref Warning: Ignoring empty anchor on input line 136.

<thumbnails/cas-email.jpeg, id=22, 225.84375pt x 225.84375pt>
File: thumbnails/cas-email.jpeg Graphic file (type jpg)
<use thumbnails/cas-email.jpeg>
Package pdftex.def Info: thumbnails/cas-email.jpeg  used on input line 136. on 
input line 136.
Package pdftex.def Info: Requested size: 7.99838pt x 8.0pt on input line 136.

Package hyperref Warning: Ignoring empty anchor on input line 136.

<thumbnails/cas-url.jpeg, id=23, 225.84375pt x 225.84375pt>
File: thumbnails/cas-url.jpeg Graphic file (type jpg)
<use thumbnails/cas-url.jpeg>
Package pdftex.def Info: thumbnails/cas-url.jpeg  used on input line 136. on in
put line 136.
Package pdftex.def Info: Requested size: 7.99838pt x 8.0pt on input line 136.

Package hyperref Warning: Ignoring empty anchor on input line 136.


Package hyperref Warning: Ignoring empty anchor on input line 136.


Package hyperref Warning: Ignoring empty anchor on input line 136.

LaTeX Font Info:    Try loading font information for T1+cmss on input line 178.

("C:\Program Files\MiKTeX 2.9\tex\latex\base\t1cmss.fd"
File: t1cmss.fd 2014/09/29 v2.5h Standard LaTeX font definitions
) [1 <./thumbnails/cas-email.jpeg> <./thumbnails/cas-url.jpeg>]
LaTeX Font Info:    Font shape `T1/stix/bx/n' in size <10> not available
(Font)              Font shape `T1/stix/b/n' tried instead on input line 199.


Package natbib Warning: Citation `Fortunato2010' on page 2 undefined on input l
ine 199.


Package natbib Warning: Citation `Fortunato2010' on page 2 undefined on input l
ine 199.


Package natbib Warning: Citation `NewmanGirvan2004' on page 2 undefined on inpu
t line 199.


Package natbib Warning: Citation `Fortunato2010' on page 2 undefined on input l
ine 200.


Package natbib Warning: Citation `Vehlowetal2013' on page 2 undefined on input 
line 200.

<figs/Fig1.pdf, id=42, pagebox=cropbox, 218.8175pt x 218.8175pt>
File: figs/Fig1.pdf Graphic file (type pdf)
<use figs/Fig1.pdf>
Package pdftex.def Info: figs/Fig1.pdf  used on input line 214. on input line 2
14.
Package pdftex.def Info: Requested size: 164.11272pt x 164.11272pt on input lin
e 214.

LaTeX Font Warning: Font shape `T1/cmss/m/sc' in size <9> not available
(Font)              Font shape `T1/cmr/m/sc' tried instead on input line 219.


LaTeX Warning: `h' float specifier changed to `ht'.

[2 <./figs/Fig1.pdf>]
\c@theorem=\count315
 [3]

LaTeX Warning: The counter will not be printed.
             The label is: \textbullet  on input line 370.

No file cas-sc-template.bbl.
[4]
<figs/pic1.pdf, id=80, pagebox=cropbox, 218.8175pt x 218.8175pt>
File: figs/pic1.pdf Graphic file (type pdf)
<use figs/pic1.pdf>
Package pdftex.def Info: figs/pic1.pdf  used on input line 422. on input line 4
22.
Package pdftex.def Info: Requested size: 72.55452pt x 72.5539pt on input line 4
22.

... wr-fig: [BL: 10.0pt] ...
... wr-fig: [LINE-FP: 7.755389404296875] ...
... wr-fig: [LINE-INT: 8] ...
File: figs/pic1.pdf Graphic file (type pdf)
<use figs/pic1.pdf>
Package pdftex.def Info: figs/pic1.pdf  used on input line 422. on input line 4
22.
Package pdftex.def Info: Requested size: 72.55452pt x 72.5539pt on input line 4
22.
File: figs/pic1.pdf Graphic file (type pdf)
<use figs/pic1.pdf>
Package pdftex.def Info: figs/pic1.pdf  used on input line 435. on input line 4
35.
Package pdftex.def Info: Requested size: 72.55452pt x 72.5539pt on input line 4
35.
... wr-fig: [BL: 10.0pt] ...
... wr-fig: [LINE-FP: 7.755389404296875] ...
... wr-fig: [LINE-INT: 8] ...
File: figs/pic1.pdf Graphic file (type pdf)
<use figs/pic1.pdf>
Package pdftex.def Info: figs/pic1.pdf  used on input line 435. on input line 4
35.
Package pdftex.def Info: Requested size: 72.55452pt x 72.5539pt on input line 4
35.

Package natbib Warning: There were undefined citations.

Package atveryend Info: Empty hook `BeforeClearDocument' on input line 444.
[5 <./figs/pic1.pdf>]
Package atveryend Info: Empty hook `AfterLastShipout' on input line 444.
 (cas-sc-template.aux)
Package atveryend Info: Executing hook `AtVeryEndDocument' on input line 444.
Package atveryend Info: Executing hook `AtEndAfterFileList' on input line 444.
Package rerunfilecheck Info: File `cas-sc-template.out' has not changed.
(rerunfilecheck)             Checksum: D41D8CD98F00B204E9800998ECF8427E;0.
 ) 
Here is how much of TeX's memory you used:
 20744 strings out of 493312
 342294 string characters out of 3138898
 407151 words of memory out of 3000000
 24030 multiletter control sequences out of 15000+200000
 637972 words of font info for 161 fonts, out of 3000000 for 9000
 1141 hyphenation exceptions out of 8191
 41i,11n,65p,858b,455s stack positions out of 5000i,500n,10000p,200000b,50000s
 <C:\Users\loren\AppData\Local\MiKTeX\2.9\fonts\pk\ljfour\jknappen\ec\dpi600\
ectt1000.pk> <C:\Users\loren\AppData\Local\MiKTeX\2.9\fonts\pk\ljfour\jknappen\
ec\dpi600\eccc0900.pk> <C:\Users\loren\AppData\Local\MiKTeX\2.9\fonts\pk\ljfour
\jknappen\ec\dpi600\ecsx0900.pk> <C:\Users\loren\AppData\Local\MiKTeX\2.9\fonts
\pk\ljfour\jknappen\ec\dpi600\ecss0900.pk> <C:\Users\loren\AppData\Local\MiKTeX
\2.9\fonts\pk\ljfour\jknappen\ec\dpi600\ectt0800.pk>{C:/Program Files/MiKTeX 2.
9/fonts/enc/dvips/stix/stix-t1.enc}{C:/Program Files/MiKTeX 2.9/fonts/enc/dvips
/stix/stix-ts1.enc}<C:/Program Files/MiKTeX 2.9/fonts/type1/public/stix/STIXGen
eral-Bold.pfb><C:/Program Files/MiKTeX 2.9/fonts/type1/public/stix/STIXGeneral-
Italic.pfb><C:/Program Files/MiKTeX 2.9/fonts/type1/public/stix/STIXGeneral-Reg
ular.pfb><C:/Program Files/MiKTeX 2.9/fonts/type1/public/amsfonts/cm/cmr10.pfb>
<C:/Program Files/MiKTeX 2.9/fonts/type1/public/stix/stix-mathex.pfb><C:/Progra
m Files/MiKTeX 2.9/fonts/type1/public/stix/stix-mathit.pfb><C:/Program Files/Mi
KTeX 2.9/fonts/type1/public/stix/stix-mathrm.pfb>
Output written on cas-sc-template.pdf (7 pages, 240418 bytes).
PDF statistics:
 297 PDF objects out of 1000 (max. 8388607)
 32 named destinations out of 1000 (max. 500000)
 26 words of extra memory for PDF output out of 10000 (max. 10000000)

